[0.000000] (-) TimerEvent: {}
[0.000187] (assignment1_rt) JobQueued: {'identifier': 'assignment1_rt', 'dependencies': OrderedDict()}
[0.000230] (assignment1_rt) JobStarted: {'identifier': 'assignment1_rt'}
[0.012393] (assignment1_rt) JobProgress: {'identifier': 'assignment1_rt', 'progress': 'cmake'}
[0.013534] (assignment1_rt) JobProgress: {'identifier': 'assignment1_rt', 'progress': 'build'}
[0.014220] (assignment1_rt) Command: {'cmd': ['/usr/bin/cmake', '--build', '/home/mihret-k/Desktop/RE_1st/Research Track/Practice/ros2_ws/src/assignment1_rt/build/assignment1_rt', '--', '-j16', '-l16'], 'cwd': '/home/mihret-k/Desktop/RE_1st/Research Track/Practice/ros2_ws/src/assignment1_rt/build/assignment1_rt', 'env': OrderedDict({'LESSOPEN': '| /usr/bin/lesspipe %s', 'USER': 'mihret-k', 'XDG_SESSION_TYPE': 'x11', 'SHLVL': '1', 'LD_LIBRARY_PATH': '/opt/ros/jazzy/opt/rviz_ogre_vendor/lib:/opt/ros/jazzy/lib/x86_64-linux-gnu:/opt/ros/jazzy/opt/gz_math_vendor/lib:/opt/ros/jazzy/opt/gz_utils_vendor/lib:/opt/ros/jazzy/opt/gz_cmake_vendor/lib:/opt/ros/jazzy/lib', 'HOME': '/home/mihret-k', 'DESKTOP_SESSION': 'ubuntu', 'ROS_PYTHON_VERSION': '3', 'GNOME_SHELL_SESSION_MODE': 'ubuntu', 'GTK_MODULES': 'gail:atk-bridge', 'DBUS_STARTER_BUS_TYPE': 'session', 'SYSTEMD_EXEC_PID': '2484', 'GSM_SKIP_SSH_AGENT_WORKAROUND': 'true', 'DBUS_SESSION_BUS_ADDRESS': 'unix:path=/run/user/1000/bus,guid=798baf636311cf78082939886929e1e7', 'COLORTERM': 'truecolor', 'DEBUGINFOD_URLS': 'https://debuginfod.ubuntu.com', 'ROS_DISTRO': 'jazzy', 'LOGNAME': 'mihret-k', '_': '/usr/bin/colcon', 'ROS_VERSION': '2', 'MEMORY_PRESSURE_WATCH': '/sys/fs/cgroup/user.slice/user-1000.slice/user@1000.service/app.slice/app-gnome\\x2dsession\\x2dmanager.slice/gnome-session-manager@ubuntu.service/memory.pressure', 'XDG_SESSION_CLASS': 'user', 'USERNAME': 'mihret-k', 'TERM': 'xterm-256color', 'GNOME_DESKTOP_SESSION_ID': 'this-is-deprecated', 'WINDOWPATH': '2', 'PATH': '/opt/ros/jazzy/bin:/usr/local/sbin:/usr/local/bin:/usr/sbin:/usr/bin:/sbin:/bin:/usr/games:/usr/local/games:/snap/bin:/snap/bin', 'SESSION_MANAGER': 'local/mihret-K:@/tmp/.ICE-unix/2484,unix/mihret-K:/tmp/.ICE-unix/2484', 'XDG_MENU_PREFIX': 'gnome-', 'GNOME_TERMINAL_SCREEN': '/org/gnome/Terminal/screen/cf986bda_8ddd_415c_a4be_299b62f8714f', 'XDG_RUNTIME_DIR': '/run/user/1000', 'DISPLAY': ':1', 'LANG': 'en_US.UTF-8', 'XDG_CURRENT_DESKTOP': 'ubuntu:GNOME', 'XMODIFIERS': '@im=ibus', 'XDG_SESSION_DESKTOP': 'ubuntu', 'XAUTHORITY': '/run/user/1000/gdm/Xauthority', 'LS_COLORS': 'rs=0:di=01;34:ln=01;36:mh=00:pi=40;33:so=01;35:do=01;35:bd=40;33;01:cd=40;33;01:or=40;31;01:mi=00:su=37;41:sg=30;43:ca=00:tw=30;42:ow=34;42:st=37;44:ex=01;32:*.tar=01;31:*.tgz=01;31:*.arc=01;31:*.arj=01;31:*.taz=01;31:*.lha=01;31:*.lz4=01;31:*.lzh=01;31:*.lzma=01;31:*.tlz=01;31:*.txz=01;31:*.tzo=01;31:*.t7z=01;31:*.zip=01;31:*.z=01;31:*.dz=01;31:*.gz=01;31:*.lrz=01;31:*.lz=01;31:*.lzo=01;31:*.xz=01;31:*.zst=01;31:*.tzst=01;31:*.bz2=01;31:*.bz=01;31:*.tbz=01;31:*.tbz2=01;31:*.tz=01;31:*.deb=01;31:*.rpm=01;31:*.jar=01;31:*.war=01;31:*.ear=01;31:*.sar=01;31:*.rar=01;31:*.alz=01;31:*.ace=01;31:*.zoo=01;31:*.cpio=01;31:*.7z=01;31:*.rz=01;31:*.cab=01;31:*.wim=01;31:*.swm=01;31:*.dwm=01;31:*.esd=01;31:*.avif=01;35:*.jpg=01;35:*.jpeg=01;35:*.mjpg=01;35:*.mjpeg=01;35:*.gif=01;35:*.bmp=01;35:*.pbm=01;35:*.pgm=01;35:*.ppm=01;35:*.tga=01;35:*.xbm=01;35:*.xpm=01;35:*.tif=01;35:*.tiff=01;35:*.png=01;35:*.svg=01;35:*.svgz=01;35:*.mng=01;35:*.pcx=01;35:*.mov=01;35:*.mpg=01;35:*.mpeg=01;35:*.m2v=01;35:*.mkv=01;35:*.webm=01;35:*.webp=01;35:*.ogm=01;35:*.mp4=01;35:*.m4v=01;35:*.mp4v=01;35:*.vob=01;35:*.qt=01;35:*.nuv=01;35:*.wmv=01;35:*.asf=01;35:*.rm=01;35:*.rmvb=01;35:*.flc=01;35:*.avi=01;35:*.fli=01;35:*.flv=01;35:*.gl=01;35:*.dl=01;35:*.xcf=01;35:*.xwd=01;35:*.yuv=01;35:*.cgm=01;35:*.emf=01;35:*.ogv=01;35:*.ogx=01;35:*.aac=00;36:*.au=00;36:*.flac=00;36:*.m4a=00;36:*.mid=00;36:*.midi=00;36:*.mka=00;36:*.mp3=00;36:*.mpc=00;36:*.ogg=00;36:*.ra=00;36:*.wav=00;36:*.oga=00;36:*.opus=00;36:*.spx=00;36:*.xspf=00;36:*~=00;90:*#=00;90:*.bak=00;90:*.crdownload=00;90:*.dpkg-dist=00;90:*.dpkg-new=00;90:*.dpkg-old=00;90:*.dpkg-tmp=00;90:*.old=00;90:*.orig=00;90:*.part=00;90:*.rej=00;90:*.rpmnew=00;90:*.rpmorig=00;90:*.rpmsave=00;90:*.swp=00;90:*.tmp=00;90:*.ucf-dist=00;90:*.ucf-new=00;90:*.ucf-old=00;90:', 'GNOME_TERMINAL_SERVICE': ':1.111', 'SSH_AUTH_SOCK': '/run/user/1000/keyring/ssh', 'AMENT_PREFIX_PATH': '/opt/ros/jazzy', 'SHELL': '/bin/bash', 'QT_ACCESSIBILITY': '1', 'GDMSESSION': 'ubuntu', 'LESSCLOSE': '/usr/bin/lesspipe %s %s', 'GPG_AGENT_INFO': '/run/user/1000/gnupg/S.gpg-agent:0:1', 'ROS_AUTOMATIC_DISCOVERY_RANGE': 'SUBNET', 'QT_IM_MODULE': 'ibus', 'PWD': '/home/mihret-k/Desktop/RE_1st/Research Track/Practice/ros2_ws/src/assignment1_rt/build/assignment1_rt', 'LC_ALL': 'en_US.UTF-8', 'XDG_CONFIG_DIRS': '/etc/xdg/xdg-ubuntu:/etc/xdg', 'DBUS_STARTER_ADDRESS': 'unix:path=/run/user/1000/bus,guid=798baf636311cf78082939886929e1e7', 'XDG_DATA_DIRS': '/usr/share/ubuntu:/usr/share/gnome:/usr/local/share/:/usr/share/:/var/lib/snapd/desktop', 'PYTHONPATH': '/opt/ros/jazzy/lib/python3.12/site-packages', 'COLCON': '1', 'MEMORY_PRESSURE_WRITE': 'c29tZSAyMDAwMDAgMjAwMDAwMAA=', 'VTE_VERSION': '7600', 'CMAKE_PREFIX_PATH': '/opt/ros/jazzy/opt/gz_math_vendor:/opt/ros/jazzy/opt/gz_utils_vendor:/opt/ros/jazzy/opt/gz_cmake_vendor:/opt/ros/jazzy'}), 'shell': False}
[0.059416] (assignment1_rt) StdoutLine: {'line': b'-- Found ament_cmake: 2.5.4 (/opt/ros/jazzy/share/ament_cmake/cmake)\n'}
[0.099079] (-) TimerEvent: {}
[0.199472] (-) TimerEvent: {}
[0.299816] (-) TimerEvent: {}
[0.338421] (assignment1_rt) StdoutLine: {'line': b'-- Found rclcpp: 28.1.13 (/opt/ros/jazzy/share/rclcpp/cmake)\n'}
[0.397153] (assignment1_rt) StdoutLine: {'line': b'-- Found rosidl_generator_c: 4.6.6 (/opt/ros/jazzy/share/rosidl_generator_c/cmake)\n'}
[0.399871] (-) TimerEvent: {}
[0.416784] (assignment1_rt) StdoutLine: {'line': b'-- Found rosidl_generator_cpp: 4.6.6 (/opt/ros/jazzy/share/rosidl_generator_cpp/cmake)\n'}
[0.440560] (assignment1_rt) StdoutLine: {'line': b'-- Using all available rosidl_typesupport_c: rosidl_typesupport_fastrtps_c;rosidl_typesupport_introspection_c\n'}
[0.465826] (assignment1_rt) StdoutLine: {'line': b'-- Using all available rosidl_typesupport_cpp: rosidl_typesupport_fastrtps_cpp;rosidl_typesupport_introspection_cpp\n'}
[0.499978] (-) TimerEvent: {}
[0.575696] (assignment1_rt) StdoutLine: {'line': b'-- Found rmw_implementation_cmake: 7.3.2 (/opt/ros/jazzy/share/rmw_implementation_cmake/cmake)\n'}
[0.580023] (assignment1_rt) StdoutLine: {'line': b'-- Found rmw_fastrtps_cpp: 8.4.3 (/opt/ros/jazzy/share/rmw_fastrtps_cpp/cmake)\n'}
[0.600069] (-) TimerEvent: {}
[0.678853] (assignment1_rt) StdoutLine: {'line': b'-- Found OpenSSL: /usr/lib/x86_64-linux-gnu/libcrypto.so (found version "3.0.13")  \n'}
[0.696139] (assignment1_rt) StdoutLine: {'line': b'-- Found FastRTPS: /opt/ros/jazzy/include (Required is at least version "2.13") \n'}
[0.700140] (-) TimerEvent: {}
[0.716385] (assignment1_rt) StdoutLine: {'line': b"-- Using RMW implementation 'rmw_fastrtps_cpp' as default\n"}
[0.786557] (assignment1_rt) StdoutLine: {'line': b'-- Found geometry_msgs: 5.3.6 (/opt/ros/jazzy/share/geometry_msgs/cmake)\n'}
[0.800250] (-) TimerEvent: {}
[0.817940] (assignment1_rt) StdoutLine: {'line': b'-- Found ament_lint_auto: 0.17.3 (/opt/ros/jazzy/share/ament_lint_auto/cmake)\n'}
[0.900378] (-) TimerEvent: {}
[0.934450] (assignment1_rt) StdoutLine: {'line': b"-- Added test 'cppcheck' to perform static code analysis on C / C++ code\n"}
[0.934880] (assignment1_rt) StdoutLine: {'line': b'-- Configured cppcheck include dirs: \n'}
[0.935101] (assignment1_rt) StdoutLine: {'line': b'-- Configured cppcheck exclude dirs and/or files: \n'}
[0.939472] (assignment1_rt) StdoutLine: {'line': b"-- Added test 'flake8' to check Python code syntax and style conventions\n"}
[0.939601] (assignment1_rt) StdoutLine: {'line': b"-- Configured 'flake8' exclude dirs and/or files: \n"}
[0.947985] (assignment1_rt) StdoutLine: {'line': b"-- Added test 'lint_cmake' to check CMake code style\n"}
[0.952266] (assignment1_rt) StdoutLine: {'line': b"-- Added test 'pep257' to check Python code against some of the docstring style conventions in PEP 257\n"}
[0.983617] (assignment1_rt) StdoutLine: {'line': b"-- Added test 'uncrustify' to check C / C++ code style\n"}
[0.983860] (assignment1_rt) StdoutLine: {'line': b'-- Configured uncrustify additional arguments: \n'}
[0.988432] (assignment1_rt) StdoutLine: {'line': b"-- Added test 'xmllint' to check XML markup files\n"}
[0.989646] (assignment1_rt) StdoutLine: {'line': b'-- Configuring done (0.9s)\n'}
[1.000454] (-) TimerEvent: {}
[1.002318] (assignment1_rt) StdoutLine: {'line': b'-- Generating done (0.0s)\n'}
[1.005496] (assignment1_rt) StdoutLine: {'line': b'-- Build files have been written to: /home/mihret-k/Desktop/RE_1st/Research Track/Practice/ros2_ws/src/assignment1_rt/build/assignment1_rt\n'}
[1.042767] (assignment1_rt) StdoutLine: {'line': b'[ 50%] \x1b[32mBuilding CXX object CMakeFiles/ui_node.dir/src/ui_node.cpp.o\x1b[0m\n'}
[1.100560] (-) TimerEvent: {}
[1.200898] (-) TimerEvent: {}
[1.301243] (-) TimerEvent: {}
[1.401588] (-) TimerEvent: {}
[1.501928] (-) TimerEvent: {}
[1.602255] (-) TimerEvent: {}
[1.702575] (-) TimerEvent: {}
[1.802934] (-) TimerEvent: {}
[1.903278] (-) TimerEvent: {}
[2.003612] (-) TimerEvent: {}
[2.103976] (-) TimerEvent: {}
[2.204357] (-) TimerEvent: {}
[2.304703] (-) TimerEvent: {}
[2.405119] (-) TimerEvent: {}
[2.505493] (-) TimerEvent: {}
[2.605825] (-) TimerEvent: {}
[2.706161] (-) TimerEvent: {}
[2.806554] (-) TimerEvent: {}
[2.905573] (assignment1_rt) StderrLine: {'line': b'\x1b[01m\x1b[K/home/mihret-k/Desktop/RE_1st/Research Track/Practice/ros2_ws/src/assignment1_rt/src/ui_node.cpp:112:2:\x1b[m\x1b[K \x1b[01;31m\x1b[Kerror: \x1b[m\x1b[Kexpected \xe2\x80\x98\x1b[01m\x1b[K;\x1b[m\x1b[K\xe2\x80\x99 after class definition\n'}
[2.905971] (assignment1_rt) StderrLine: {'line': b'  112 | }\n'}
[2.906230] (assignment1_rt) StderrLine: {'line': b'      |  \x1b[01;31m\x1b[K^\x1b[m\x1b[K\n'}
[2.906482] (assignment1_rt) StderrLine: {'line': b'      |  \x1b[32m\x1b[K;\x1b[m\x1b[K\n'}
[2.906620] (-) TimerEvent: {}
[2.910110] (assignment1_rt) StderrLine: {'line': b'\x1b[01m\x1b[K/home/mihret-k/Desktop/RE_1st/Research Track/Practice/ros2_ws/src/assignment1_rt/src/ui_node.cpp:\x1b[m\x1b[K In constructor \xe2\x80\x98\x1b[01m\x1b[KUiNode::\x1b[01;32m\x1b[KUiNode\x1b[m\x1b[K()\x1b[m\x1b[K\xe2\x80\x99:\n'}
[2.910409] (assignment1_rt) StderrLine: {'line': b'\x1b[01m\x1b[K/home/mihret-k/Desktop/RE_1st/Research Track/Practice/ros2_ws/src/assignment1_rt/src/ui_node.cpp:15:5:\x1b[m\x1b[K \x1b[01;31m\x1b[Kerror: \x1b[m\x1b[Kclass \xe2\x80\x98\x1b[01m\x1b[KUiNode\x1b[m\x1b[K\xe2\x80\x99 does not have any field named \xe2\x80\x98\x1b[01m\x1b[Kcommand_duration_\x1b[m\x1b[K\xe2\x80\x99\n'}
[2.910637] (assignment1_rt) StderrLine: {'line': b'   15 |     \x1b[01;31m\x1b[Kcommand_duration_\x1b[m\x1b[K(1.0)        // For how long\n'}
[2.910848] (assignment1_rt) StderrLine: {'line': b'      |     \x1b[01;31m\x1b[K^~~~~~~~~~~~~~~~~\x1b[m\x1b[K\n'}
[2.917294] (assignment1_rt) StderrLine: {'line': b'\x1b[01m\x1b[K/home/mihret-k/Desktop/RE_1st/Research Track/Practice/ros2_ws/src/assignment1_rt/src/ui_node.cpp:17:9:\x1b[m\x1b[K \x1b[01;31m\x1b[Kerror: \x1b[m\x1b[K\xe2\x80\x98\x1b[01m\x1b[Kpub_turtle1_\x1b[m\x1b[K\xe2\x80\x99 was not declared in this scope\n'}
[2.917475] (assignment1_rt) StderrLine: {'line': b'   17 |         \x1b[01;31m\x1b[Kpub_turtle1_\x1b[m\x1b[K = this->create_publisher<geometry_msgs::msg::Twist>(\n'}
[2.917606] (assignment1_rt) StderrLine: {'line': b'      |         \x1b[01;31m\x1b[K^~~~~~~~~~~~\x1b[m\x1b[K\n'}
[2.925683] (assignment1_rt) StderrLine: {'line': b'\x1b[01m\x1b[K/home/mihret-k/Desktop/RE_1st/Research Track/Practice/ros2_ws/src/assignment1_rt/src/ui_node.cpp:20:9:\x1b[m\x1b[K \x1b[01;31m\x1b[Kerror: \x1b[m\x1b[K\xe2\x80\x98\x1b[01m\x1b[Kpub_turtle2_\x1b[m\x1b[K\xe2\x80\x99 was not declared in this scope\n'}
[2.925893] (assignment1_rt) StderrLine: {'line': b'   20 |         \x1b[01;31m\x1b[Kpub_turtle2_\x1b[m\x1b[K = this->create_publisher<geometry_msgs::msg::Twist>(\n'}
[2.926101] (assignment1_rt) StderrLine: {'line': b'      |         \x1b[01;31m\x1b[K^~~~~~~~~~~~\x1b[m\x1b[K\n'}
[2.926236] (assignment1_rt) StderrLine: {'line': b'\x1b[01m\x1b[K/home/mihret-k/Desktop/RE_1st/Research Track/Practice/ros2_ws/src/assignment1_rt/src/ui_node.cpp:\x1b[m\x1b[K In member function \xe2\x80\x98\x1b[01m\x1b[Kvoid UiNode::\x1b[01;32m\x1b[Krun\x1b[m\x1b[K()\x1b[m\x1b[K\xe2\x80\x99:\n'}
[2.926298] (assignment1_rt) StderrLine: {'line': b'\x1b[01m\x1b[K/home/mihret-k/Desktop/RE_1st/Research Track/Practice/ros2_ws/src/assignment1_rt/src/ui_node.cpp:28:9:\x1b[m\x1b[K \x1b[01;31m\x1b[Kerror: \x1b[m\x1b[Kexpected initializer before \xe2\x80\x98\x1b[01m\x1b[Kdouble\x1b[m\x1b[K\xe2\x80\x99\n'}
[2.926355] (assignment1_rt) StderrLine: {'line': b'   28 |         \x1b[01;31m\x1b[Kdouble\x1b[m\x1b[K velocity\n'}
[2.926415] (assignment1_rt) StderrLine: {'line': b'      |         \x1b[01;31m\x1b[K^~~~~~\x1b[m\x1b[K\n'}
[2.932370] (assignment1_rt) StderrLine: {'line': b'\x1b[01m\x1b[K/home/mihret-k/Desktop/RE_1st/Research Track/Practice/ros2_ws/src/assignment1_rt/src/ui_node.cpp:\x1b[m\x1b[K In member function \xe2\x80\x98\x1b[01m\x1b[Kvoid UiNode::\x1b[01;32m\x1b[Ksend_velocity_for_duration\x1b[m\x1b[K(char, double, double)\x1b[m\x1b[K\xe2\x80\x99:\n'}
[2.932568] (assignment1_rt) StderrLine: {'line': b'\x1b[01m\x1b[K/home/mihret-k/Desktop/RE_1st/Research Track/Practice/ros2_ws/src/assignment1_rt/src/ui_node.cpp:89:17:\x1b[m\x1b[K \x1b[01;31m\x1b[Kerror: \x1b[m\x1b[K\xe2\x80\x98\x1b[01m\x1b[Kpub_turtle1_\x1b[m\x1b[K\xe2\x80\x99 was not declared in this scope\n'}
[2.932708] (assignment1_rt) StderrLine: {'line': b'   89 |                 \x1b[01;31m\x1b[Kpub_turtle1_\x1b[m\x1b[K->publish(cmd_msg);\n'}
[2.932856] (assignment1_rt) StderrLine: {'line': b'      |                 \x1b[01;31m\x1b[K^~~~~~~~~~~~\x1b[m\x1b[K\n'}
[2.937991] (assignment1_rt) StderrLine: {'line': b'\x1b[01m\x1b[K/home/mihret-k/Desktop/RE_1st/Research Track/Practice/ros2_ws/src/assignment1_rt/src/ui_node.cpp:91:17:\x1b[m\x1b[K \x1b[01;31m\x1b[Kerror: \x1b[m\x1b[K\xe2\x80\x98\x1b[01m\x1b[Kpub_turtle2_\x1b[m\x1b[K\xe2\x80\x99 was not declared in this scope\n'}
[2.938152] (assignment1_rt) StderrLine: {'line': b'   91 |                 \x1b[01;31m\x1b[Kpub_turtle2_\x1b[m\x1b[K->publish(cmd_msg);\n'}
[2.938284] (assignment1_rt) StderrLine: {'line': b'      |                 \x1b[01;31m\x1b[K^~~~~~~~~~~~\x1b[m\x1b[K\n'}
[2.938404] (assignment1_rt) StderrLine: {'line': b'\x1b[01m\x1b[K/home/mihret-k/Desktop/RE_1st/Research Track/Practice/ros2_ws/src/assignment1_rt/src/ui_node.cpp:94:41:\x1b[m\x1b[K \x1b[01;31m\x1b[Kerror: \x1b[m\x1b[Kunable to find numeric literal operator \xe2\x80\x98\x1b[01m\x1b[Koperator""ms\x1b[m\x1b[K\xe2\x80\x99\n'}
[2.938535] (assignment1_rt) StderrLine: {'line': b'   94 |             std::this_thread::sleep_for(\x1b[01;31m\x1b[K100ms\x1b[m\x1b[K);      //how often should this be done ? 100 ms approximates a 10 Hz control loop\n'}
[2.938671] (assignment1_rt) StderrLine: {'line': b'      |                                         \x1b[01;31m\x1b[K^~~~~\x1b[m\x1b[K\n'}
[2.943511] (assignment1_rt) StderrLine: {'line': b'\x1b[01m\x1b[K/home/mihret-k/Desktop/RE_1st/Research Track/Practice/ros2_ws/src/assignment1_rt/src/ui_node.cpp:102:13:\x1b[m\x1b[K \x1b[01;31m\x1b[Kerror: \x1b[m\x1b[K\xe2\x80\x98\x1b[01m\x1b[Kpub_turtle1_\x1b[m\x1b[K\xe2\x80\x99 was not declared in this scope\n'}
[2.943630] (assignment1_rt) StderrLine: {'line': b'  102 |             \x1b[01;31m\x1b[Kpub_turtle1_\x1b[m\x1b[K->publish(cmd_msg);\n'}
[2.943699] (assignment1_rt) StderrLine: {'line': b'      |             \x1b[01;31m\x1b[K^~~~~~~~~~~~\x1b[m\x1b[K\n'}
[2.948848] (assignment1_rt) StderrLine: {'line': b'\x1b[01m\x1b[K/home/mihret-k/Desktop/RE_1st/Research Track/Practice/ros2_ws/src/assignment1_rt/src/ui_node.cpp:104:13:\x1b[m\x1b[K \x1b[01;31m\x1b[Kerror: \x1b[m\x1b[K\xe2\x80\x98\x1b[01m\x1b[Kpub_turtle2_\x1b[m\x1b[K\xe2\x80\x99 was not declared in this scope\n'}
[2.949007] (assignment1_rt) StderrLine: {'line': b'  104 |             \x1b[01;31m\x1b[Kpub_turtle2_\x1b[m\x1b[K->publish(cmd_msg);\n'}
[2.949140] (assignment1_rt) StderrLine: {'line': b'      |             \x1b[01;31m\x1b[K^~~~~~~~~~~~\x1b[m\x1b[K\n'}
[3.006744] (-) TimerEvent: {}
[3.107055] (-) TimerEvent: {}
[3.207365] (-) TimerEvent: {}
[3.307625] (-) TimerEvent: {}
[3.407951] (-) TimerEvent: {}
[3.508186] (-) TimerEvent: {}
[3.608460] (-) TimerEvent: {}
[3.631181] (assignment1_rt) StderrLine: {'line': b'gmake[2]: *** [CMakeFiles/ui_node.dir/build.make:76: CMakeFiles/ui_node.dir/src/ui_node.cpp.o] Error 1\n'}
[3.631608] (assignment1_rt) StderrLine: {'line': b'gmake[1]: *** [CMakeFiles/Makefile2:137: CMakeFiles/ui_node.dir/all] Error 2\n'}
[3.631993] (assignment1_rt) StderrLine: {'line': b'gmake: *** [Makefile:146: all] Error 2\n'}
[3.634700] (assignment1_rt) CommandEnded: {'returncode': 2}
[3.663148] (assignment1_rt) JobEnded: {'identifier': 'assignment1_rt', 'rc': 2}
[3.673727] (-) EventReactorShutdown: {}
