-- Found ament_cmake: 2.5.4 (/opt/ros/jazzy/share/ament_cmake/cmake)
-- Found rclcpp: 28.1.13 (/opt/ros/jazzy/share/rclcpp/cmake)
-- Found rosidl_generator_c: 4.6.6 (/opt/ros/jazzy/share/rosidl_generator_c/cmake)
-- Found rosidl_generator_cpp: 4.6.6 (/opt/ros/jazzy/share/rosidl_generator_cpp/cmake)
-- Using all available rosidl_typesupport_c: rosidl_typesupport_fastrtps_c;rosidl_typesupport_introspection_c
-- Using all available rosidl_typesupport_cpp: rosidl_typesupport_fastrtps_cpp;rosidl_typesupport_introspection_cpp
-- Found rmw_implementation_cmake: 7.3.2 (/opt/ros/jazzy/share/rmw_implementation_cmake/cmake)
-- Found rmw_fastrtps_cpp: 8.4.3 (/opt/ros/jazzy/share/rmw_fastrtps_cpp/cmake)
-- Found OpenSSL: /usr/lib/x86_64-linux-gnu/libcrypto.so (found version "3.0.13")  
-- Found FastRTPS: /opt/ros/jazzy/include (Required is at least version "2.13") 
-- Using RMW implementation 'rmw_fastrtps_cpp' as default
-- Found geometry_msgs: 5.3.6 (/opt/ros/jazzy/share/geometry_msgs/cmake)
-- Found ament_lint_auto: 0.17.3 (/opt/ros/jazzy/share/ament_lint_auto/cmake)
-- Added test 'cppcheck' to perform static code analysis on C / C++ code
-- Configured cppcheck include dirs: 
-- Configured cppcheck exclude dirs and/or files: 
-- Added test 'flake8' to check Python code syntax and style conventions
-- Configured 'flake8' exclude dirs and/or files: 
-- Added test 'lint_cmake' to check CMake code style
-- Added test 'pep257' to check Python code against some of the docstring style conventions in PEP 257
-- Added test 'uncrustify' to check C / C++ code style
-- Configured uncrustify additional arguments: 
-- Added test 'xmllint' to check XML markup files
-- Configuring done (0.9s)
-- Generating done (0.0s)
-- Build files have been written to: /home/mihret-k/Desktop/RE_1st/Research Track/Practice/ros2_ws/src/assignment1_rt/build/assignment1_rt
[ 50%] [32mBuilding CXX object CMakeFiles/ui_node.dir/src/ui_node.cpp.o[0m
[01m[K/home/mihret-k/Desktop/RE_1st/Research Track/Practice/ros2_ws/src/assignment1_rt/src/ui_node.cpp:112:2:[m[K [01;31m[Kerror: [m[Kexpected â€˜[01m[K;[m[Kâ€™ after class definition
  112 | }
      |  [01;31m[K^[m[K
      |  [32m[K;[m[K
[01m[K/home/mihret-k/Desktop/RE_1st/Research Track/Practice/ros2_ws/src/assignment1_rt/src/ui_node.cpp:[m[K In constructor â€˜[01m[KUiNode::[01;32m[KUiNode[m[K()[m[Kâ€™:
[01m[K/home/mihret-k/Desktop/RE_1st/Research Track/Practice/ros2_ws/src/assignment1_rt/src/ui_node.cpp:15:5:[m[K [01;31m[Kerror: [m[Kclass â€˜[01m[KUiNode[m[Kâ€™ does not have any field named â€˜[01m[Kcommand_duration_[m[Kâ€™
   15 |     [01;31m[Kcommand_duration_[m[K(1.0)        // For how long
      |     [01;31m[K^~~~~~~~~~~~~~~~~[m[K
[01m[K/home/mihret-k/Desktop/RE_1st/Research Track/Practice/ros2_ws/src/assignment1_rt/src/ui_node.cpp:17:9:[m[K [01;31m[Kerror: [m[Kâ€˜[01m[Kpub_turtle1_[m[Kâ€™ was not declared in this scope
   17 |         [01;31m[Kpub_turtle1_[m[K = this->create_publisher<geometry_msgs::msg::Twist>(
      |         [01;31m[K^~~~~~~~~~~~[m[K
[01m[K/home/mihret-k/Desktop/RE_1st/Research Track/Practice/ros2_ws/src/assignment1_rt/src/ui_node.cpp:20:9:[m[K [01;31m[Kerror: [m[Kâ€˜[01m[Kpub_turtle2_[m[Kâ€™ was not declared in this scope
   20 |         [01;31m[Kpub_turtle2_[m[K = this->create_publisher<geometry_msgs::msg::Twist>(
      |         [01;31m[K^~~~~~~~~~~~[m[K
[01m[K/home/mihret-k/Desktop/RE_1st/Research Track/Practice/ros2_ws/src/assignment1_rt/src/ui_node.cpp:[m[K In member function â€˜[01m[Kvoid UiNode::[01;32m[Krun[m[K()[m[Kâ€™:
[01m[K/home/mihret-k/Desktop/RE_1st/Research Track/Practice/ros2_ws/src/assignment1_rt/src/ui_node.cpp:28:9:[m[K [01;31m[Kerror: [m[Kexpected initializer before â€˜[01m[Kdouble[m[Kâ€™
   28 |         [01;31m[Kdouble[m[K velocity
      |         [01;31m[K^~~~~~[m[K
[01m[K/home/mihret-k/Desktop/RE_1st/Research Track/Practice/ros2_ws/src/assignment1_rt/src/ui_node.cpp:[m[K In member function â€˜[01m[Kvoid UiNode::[01;32m[Ksend_velocity_for_duration[m[K(char, double, double)[m[Kâ€™:
[01m[K/home/mihret-k/Desktop/RE_1st/Research Track/Practice/ros2_ws/src/assignment1_rt/src/ui_node.cpp:89:17:[m[K [01;31m[Kerror: [m[Kâ€˜[01m[Kpub_turtle1_[m[Kâ€™ was not declared in this scope
   89 |                 [01;31m[Kpub_turtle1_[m[K->publish(cmd_msg);
      |                 [01;31m[K^~~~~~~~~~~~[m[K
[01m[K/home/mihret-k/Desktop/RE_1st/Research Track/Practice/ros2_ws/src/assignment1_rt/src/ui_node.cpp:91:17:[m[K [01;31m[Kerror: [m[Kâ€˜[01m[Kpub_turtle2_[m[Kâ€™ was not declared in this scope
   91 |                 [01;31m[Kpub_turtle2_[m[K->publish(cmd_msg);
      |                 [01;31m[K^~~~~~~~~~~~[m[K
[01m[K/home/mihret-k/Desktop/RE_1st/Research Track/Practice/ros2_ws/src/assignment1_rt/src/ui_node.cpp:94:41:[m[K [01;31m[Kerror: [m[Kunable to find numeric literal operator â€˜[01m[Koperator""ms[m[Kâ€™
   94 |             std::this_thread::sleep_for([01;31m[K100ms[m[K);      //how often should this be done ? 100 ms approximates a 10 Hz control loop
      |                                         [01;31m[K^~~~~[m[K
[01m[K/home/mihret-k/Desktop/RE_1st/Research Track/Practice/ros2_ws/src/assignment1_rt/src/ui_node.cpp:102:13:[m[K [01;31m[Kerror: [m[Kâ€˜[01m[Kpub_turtle1_[m[Kâ€™ was not declared in this scope
  102 |             [01;31m[Kpub_turtle1_[m[K->publish(cmd_msg);
      |             [01;31m[K^~~~~~~~~~~~[m[K
[01m[K/home/mihret-k/Desktop/RE_1st/Research Track/Practice/ros2_ws/src/assignment1_rt/src/ui_node.cpp:104:13:[m[K [01;31m[Kerror: [m[Kâ€˜[01m[Kpub_turtle2_[m[Kâ€™ was not declared in this scope
  104 |             [01;31m[Kpub_turtle2_[m[K->publish(cmd_msg);
      |             [01;31m[K^~~~~~~~~~~~[m[K
gmake[2]: *** [CMakeFiles/ui_node.dir/build.make:76: CMakeFiles/ui_node.dir/src/ui_node.cpp.o] Error 1
gmake[1]: *** [CMakeFiles/Makefile2:137: CMakeFiles/ui_node.dir/all] Error 2
gmake: *** [Makefile:146: all] Error 2
