[ 50%] [32mBuilding CXX object CMakeFiles/ui_node.dir/src/ui_node.cpp.o[0m
[01m[K/home/mihret-k/Desktop/RE_1st/Research Track/Practice/ros2_ws/src/assignment1_rt/src/ui_node.cpp:[m[K In member function â€˜[01m[Kvoid UiNode::[01;32m[Krun[m[K()[m[Kâ€™:
[01m[K/home/mihret-k/Desktop/RE_1st/Research Track/Practice/ros2_ws/src/assignment1_rt/src/ui_node.cpp:58:50:[m[K [01;31m[Kerror: [m[Kâ€˜[01m[Kduration[m[Kâ€™ was not declared in this scope
   58 |             send_vel_cmd(chosen_turtle, velocity,[01;31m[Kduration[m[K)
      |                                                  [01;31m[K^~~~~~~~[m[K
[01m[K/home/mihret-k/Desktop/RE_1st/Research Track/Practice/ros2_ws/src/assignment1_rt/src/ui_node.cpp:58:50:[m[K [01;36m[Knote: [m[Ksuggested alternatives:
In file included from [01m[K/usr/include/c++/13/chrono:41[m[K,
                 from [01m[K/home/mihret-k/Desktop/RE_1st/Research Track/Practice/ros2_ws/src/assignment1_rt/src/ui_node.cpp:3[m[K:
[01m[K/usr/include/c++/13/bits/chrono.h:62:13:[m[K [01;36m[Knote: [m[K  â€˜[01m[Kstd::chrono::duration[m[Kâ€™
   62 |       class [01;36m[Kduration[m[K;
      |             [01;36m[K^~~~~~~~[m[K
[01m[K/usr/include/c++/13/bits/chrono.h:62:13:[m[K [01;36m[Knote: [m[K  â€˜[01m[Kstd::chrono::duration[m[Kâ€™
[01m[K/home/mihret-k/Desktop/RE_1st/Research Track/Practice/ros2_ws/src/assignment1_rt/src/ui_node.cpp:[m[K In member function â€˜[01m[Kvoid UiNode::[01;32m[Ksend_vel_cmd[m[K(char, double, double)[m[Kâ€™:
[01m[K/home/mihret-k/Desktop/RE_1st/Research Track/Practice/ros2_ws/src/assignment1_rt/src/ui_node.cpp:97:13:[m[K [01;31m[Kerror: [m[Kâ€˜[01m[Ksstd[m[Kâ€™ has not been declared
   97 |             [01;31m[Ksstd[m[K::this_thread::sleep_for(std::chrono::milliseconds(100));     //how often should this be done ? 100 ms approximates a 10 Hz control loop
      |             [01;31m[K^~~~[m[K
[01m[K/home/mihret-k/Desktop/RE_1st/Research Track/Practice/ros2_ws/src/assignment1_rt/src/ui_node.cpp:104:13:[m[K [01;31m[Kerror: [m[Kâ€˜[01m[Kturtle_choice[m[Kâ€™ was not declared in this scope
  104 |         if ([01;31m[Kturtle_choice[m[K == '1') {
      |             [01;31m[K^~~~~~~~~~~~~[m[K
gmake[2]: *** [CMakeFiles/ui_node.dir/build.make:76: CMakeFiles/ui_node.dir/src/ui_node.cpp.o] Error 1
gmake[1]: *** [CMakeFiles/Makefile2:137: CMakeFiles/ui_node.dir/all] Error 2
gmake: *** [Makefile:146: all] Error 2
