[0.012s] Invoking command in '/home/mihret-k/Desktop/RE_1st/Research Track/Practice/ros2_ws/src/assignment1_rt/build/assignment1_rt': CMAKE_PREFIX_PATH=${CMAKE_PREFIX_PATH}:/opt/ros/jazzy DEBUGINFOD_URLS=https://debuginfod.ubuntu.com /usr/bin/cmake --build /home/mihret-k/Desktop/RE_1st/Research Track/Practice/ros2_ws/src/assignment1_rt/build/assignment1_rt -- -j16 -l16
[0.104s] [ 50%] [32mBuilding CXX object CMakeFiles/ui_node.dir/src/ui_node.cpp.o[0m
[1.905s] [01m[K/home/mihret-k/Desktop/RE_1st/Research Track/Practice/ros2_ws/src/assignment1_rt/src/ui_node.cpp:[m[K In constructor â€˜[01m[KUiNode::[01;32m[KUiNode[m[K()[m[Kâ€™:
[1.906s] [01m[K/home/mihret-k/Desktop/RE_1st/Research Track/Practice/ros2_ws/src/assignment1_rt/src/ui_node.cpp:17:5:[m[K [01;31m[Kerror: [m[Kclass â€˜[01m[KUiNode[m[Kâ€™ does not have any field named â€˜[01m[Kcommand_duration_[m[Kâ€™
[1.906s]    17 |     [01;31m[Kcommand_duration_[m[K(1.0)        // For how long
[1.906s]       |     [01;31m[K^~~~~~~~~~~~~~~~~[m[K
[1.912s] [01m[K/home/mihret-k/Desktop/RE_1st/Research Track/Practice/ros2_ws/src/assignment1_rt/src/ui_node.cpp:19:9:[m[K [01;31m[Kerror: [m[Kâ€˜[01m[Kpub_turtle1_[m[Kâ€™ was not declared in this scope
[1.912s]    19 |         [01;31m[Kpub_turtle1_[m[K = this->create_publisher<geometry_msgs::msg::Twist>(
[1.912s]       |         [01;31m[K^~~~~~~~~~~~[m[K
[1.920s] [01m[K/home/mihret-k/Desktop/RE_1st/Research Track/Practice/ros2_ws/src/assignment1_rt/src/ui_node.cpp:22:9:[m[K [01;31m[Kerror: [m[Kâ€˜[01m[Kpub_turtle2_[m[Kâ€™ was not declared in this scope
[1.920s]    22 |         [01;31m[Kpub_turtle2_[m[K = this->create_publisher<geometry_msgs::msg::Twist>(
[1.920s]       |         [01;31m[K^~~~~~~~~~~~[m[K
[1.921s] [01m[K/home/mihret-k/Desktop/RE_1st/Research Track/Practice/ros2_ws/src/assignment1_rt/src/ui_node.cpp:[m[K In member function â€˜[01m[Kvoid UiNode::[01;32m[Krun[m[K()[m[Kâ€™:
[1.921s] [01m[K/home/mihret-k/Desktop/RE_1st/Research Track/Practice/ros2_ws/src/assignment1_rt/src/ui_node.cpp:58:50:[m[K [01;31m[Kerror: [m[Kâ€˜[01m[Kduration[m[Kâ€™ was not declared in this scope
[1.921s]    58 |             send_vel_cmd(chosen_turtle, velocity,[01;31m[Kduration[m[K)
[1.921s]       |                                                  [01;31m[K^~~~~~~~[m[K
[1.921s] [01m[K/home/mihret-k/Desktop/RE_1st/Research Track/Practice/ros2_ws/src/assignment1_rt/src/ui_node.cpp:58:50:[m[K [01;36m[Knote: [m[Ksuggested alternatives:
[1.922s] In file included from [01m[K/usr/include/c++/13/chrono:41[m[K,
[1.922s]                  from [01m[K/home/mihret-k/Desktop/RE_1st/Research Track/Practice/ros2_ws/src/assignment1_rt/src/ui_node.cpp:3[m[K:
[1.922s] [01m[K/usr/include/c++/13/bits/chrono.h:62:13:[m[K [01;36m[Knote: [m[K  â€˜[01m[Kstd::chrono::duration[m[Kâ€™
[1.922s]    62 |       class [01;36m[Kduration[m[K;
[1.922s]       |             [01;36m[K^~~~~~~~[m[K
[1.922s] [01m[K/usr/include/c++/13/bits/chrono.h:62:13:[m[K [01;36m[Knote: [m[K  â€˜[01m[Kstd::chrono::duration[m[Kâ€™
[1.928s] [01m[K/home/mihret-k/Desktop/RE_1st/Research Track/Practice/ros2_ws/src/assignment1_rt/src/ui_node.cpp:[m[K In member function â€˜[01m[Kvoid UiNode::[01;32m[Ksend_vel_cmd[m[K(char, double, double)[m[Kâ€™:
[1.928s] [01m[K/home/mihret-k/Desktop/RE_1st/Research Track/Practice/ros2_ws/src/assignment1_rt/src/ui_node.cpp:92:17:[m[K [01;31m[Kerror: [m[Kâ€˜[01m[Kpub_turtle1_[m[Kâ€™ was not declared in this scope
[1.928s]    92 |                 [01;31m[Kpub_turtle1_[m[K->publish(cmd_msg);
[1.928s]       |                 [01;31m[K^~~~~~~~~~~~[m[K
[1.933s] [01m[K/home/mihret-k/Desktop/RE_1st/Research Track/Practice/ros2_ws/src/assignment1_rt/src/ui_node.cpp:94:17:[m[K [01;31m[Kerror: [m[Kâ€˜[01m[Kpub_turtle2_[m[Kâ€™ was not declared in this scope
[1.933s]    94 |                 [01;31m[Kpub_turtle2_[m[K->publish(cmd_msg);
[1.933s]       |                 [01;31m[K^~~~~~~~~~~~[m[K
[1.933s] [01m[K/home/mihret-k/Desktop/RE_1st/Research Track/Practice/ros2_ws/src/assignment1_rt/src/ui_node.cpp:97:13:[m[K [01;31m[Kerror: [m[Kâ€˜[01m[Ksstd[m[Kâ€™ has not been declared
[1.934s]    97 |             [01;31m[Ksstd[m[K::this_thread::sleep_for(std::chrono::milliseconds(100));     //how often should this be done ? 100 ms approximates a 10 Hz control loop
[1.934s]       |             [01;31m[K^~~~[m[K
[1.938s] [01m[K/home/mihret-k/Desktop/RE_1st/Research Track/Practice/ros2_ws/src/assignment1_rt/src/ui_node.cpp:104:13:[m[K [01;31m[Kerror: [m[Kâ€˜[01m[Kturtle_choice[m[Kâ€™ was not declared in this scope
[1.939s]   104 |         if ([01;31m[Kturtle_choice[m[K == '1') {
[1.939s]       |             [01;31m[K^~~~~~~~~~~~~[m[K
[1.944s] [01m[K/home/mihret-k/Desktop/RE_1st/Research Track/Practice/ros2_ws/src/assignment1_rt/src/ui_node.cpp:105:13:[m[K [01;31m[Kerror: [m[Kâ€˜[01m[Kpub_turtle1_[m[Kâ€™ was not declared in this scope
[1.944s]   105 |             [01;31m[Kpub_turtle1_[m[K->publish(cmd_msg);
[1.944s]       |             [01;31m[K^~~~~~~~~~~~[m[K
[1.949s] [01m[K/home/mihret-k/Desktop/RE_1st/Research Track/Practice/ros2_ws/src/assignment1_rt/src/ui_node.cpp:107:13:[m[K [01;31m[Kerror: [m[Kâ€˜[01m[Kpub_turtle2_[m[Kâ€™ was not declared in this scope
[1.949s]   107 |             [01;31m[Kpub_turtle2_[m[K->publish(cmd_msg);
[1.949s]       |             [01;31m[K^~~~~~~~~~~~[m[K
[1.952s] [01m[K/home/mihret-k/Desktop/RE_1st/Research Track/Practice/ros2_ws/src/assignment1_rt/src/ui_node.cpp:115:16:[m[K [01;35m[Kwarning: [m[Kunused variable â€˜[01m[Kcommand_duration_[m[Kâ€™ [[01;35m[K]8;;https://gcc.gnu.org/onlinedocs/gcc/Warning-Options.html#index-Wunused-variable-Wunused-variable]8;;[m[K]
[1.952s]   115 |         double [01;35m[Kcommand_duration_[m[K; // seconds
[1.952s]       |                [01;35m[K^~~~~~~~~~~~~~~~~[m[K
[2.662s] gmake[2]: *** [CMakeFiles/ui_node.dir/build.make:76: CMakeFiles/ui_node.dir/src/ui_node.cpp.o] Error 1
[2.662s] gmake[1]: *** [CMakeFiles/Makefile2:137: CMakeFiles/ui_node.dir/all] Error 2
[2.663s] gmake: *** [Makefile:146: all] Error 2
[2.666s] Invoked command in '/home/mihret-k/Desktop/RE_1st/Research Track/Practice/ros2_ws/src/assignment1_rt/build/assignment1_rt' returned '2': CMAKE_PREFIX_PATH=${CMAKE_PREFIX_PATH}:/opt/ros/jazzy DEBUGINFOD_URLS=https://debuginfod.ubuntu.com /usr/bin/cmake --build /home/mihret-k/Desktop/RE_1st/Research Track/Practice/ros2_ws/src/assignment1_rt/build/assignment1_rt -- -j16 -l16
